ERROR - 2025-06-14 09:11:06 --> Error connecting to the database: mysqli_sql_exception: No connection could be made because the target machine actively refused it in D:\Proyek_PlatformC\Proyek_PlatformC\system\Database\MySQLi\Connection.php:201
Stack trace:
#0 D:\Proyek_PlatformC\Proyek_PlatformC\system\Database\MySQLi\Connection.php(201): mysqli->real_connect('localhost', '', Object(SensitiveParameterValue), '', 3306, '', 0)
#1 D:\Proyek_PlatformC\Proyek_PlatformC\system\Database\BaseConnection.php(421): CodeIgniter\Database\MySQLi\Connection->connect(false)
#2 D:\Proyek_PlatformC\Proyek_PlatformC\system\Database\BaseConnection.php(620): CodeIgniter\Database\BaseConnection->initialize()
#3 D:\Proyek_PlatformC\Proyek_PlatformC\system\Database\BaseBuilder.php(1649): CodeIgniter\Database\BaseConnection->query('SELECT *\nFROM `...', Array, false)
#4 D:\Proyek_PlatformC\Proyek_PlatformC\system\Model.php(330): CodeIgniter\Database\BaseBuilder->get()
#5 D:\Proyek_PlatformC\Proyek_PlatformC\system\BaseModel.php(717): CodeIgniter\Model->doFirst()
#6 D:\Proyek_PlatformC\Proyek_PlatformC\app\Controllers\Auth.php(14): CodeIgniter\BaseModel->first()
#7 D:\Proyek_PlatformC\Proyek_PlatformC\system\CodeIgniter.php(933): App\Controllers\Auth->doLogin()
#8 D:\Proyek_PlatformC\Proyek_PlatformC\system\CodeIgniter.php(507): CodeIgniter\CodeIgniter->runController(Object(App\Controllers\Auth))
#9 D:\Proyek_PlatformC\Proyek_PlatformC\system\CodeIgniter.php(354): CodeIgniter\CodeIgniter->handleRequest(NULL, Object(Config\Cache), false)
#10 D:\Proyek_PlatformC\Proyek_PlatformC\system\Boot.php(334): CodeIgniter\CodeIgniter->run()
#11 D:\Proyek_PlatformC\Proyek_PlatformC\system\Boot.php(67): CodeIgniter\Boot::runCodeIgniter(Object(CodeIgniter\CodeIgniter))
#12 D:\Proyek_PlatformC\Proyek_PlatformC\public\index.php(59): CodeIgniter\Boot::bootWeb(Object(Config\Paths))
#13 D:\Proyek_PlatformC\Proyek_PlatformC\system\rewrite.php(44): require_once('D:\\Proyek_Platf...')
#14 {main}

Next CodeIgniter\Database\Exceptions\DatabaseException: No connection could be made because the target machine actively refused it in D:\Proyek_PlatformC\Proyek_PlatformC\system\Database\MySQLi\Connection.php:246
Stack trace:
#0 D:\Proyek_PlatformC\Proyek_PlatformC\system\Database\BaseConnection.php(421): CodeIgniter\Database\MySQLi\Connection->connect(false)
#1 D:\Proyek_PlatformC\Proyek_PlatformC\system\Database\BaseConnection.php(620): CodeIgniter\Database\BaseConnection->initialize()
#2 D:\Proyek_PlatformC\Proyek_PlatformC\system\Database\BaseBuilder.php(1649): CodeIgniter\Database\BaseConnection->query('SELECT *\nFROM `...', Array, false)
#3 D:\Proyek_PlatformC\Proyek_PlatformC\system\Model.php(330): CodeIgniter\Database\BaseBuilder->get()
#4 D:\Proyek_PlatformC\Proyek_PlatformC\system\BaseModel.php(717): CodeIgniter\Model->doFirst()
#5 D:\Proyek_PlatformC\Proyek_PlatformC\app\Controllers\Auth.php(14): CodeIgniter\BaseModel->first()
#6 D:\Proyek_PlatformC\Proyek_PlatformC\system\CodeIgniter.php(933): App\Controllers\Auth->doLogin()
#7 D:\Proyek_PlatformC\Proyek_PlatformC\system\CodeIgniter.php(507): CodeIgniter\CodeIgniter->runController(Object(App\Controllers\Auth))
#8 D:\Proyek_PlatformC\Proyek_PlatformC\system\CodeIgniter.php(354): CodeIgniter\CodeIgniter->handleRequest(NULL, Object(Config\Cache), false)
#9 D:\Proyek_PlatformC\Proyek_PlatformC\system\Boot.php(334): CodeIgniter\CodeIgniter->run()
#10 D:\Proyek_PlatformC\Proyek_PlatformC\system\Boot.php(67): CodeIgniter\Boot::runCodeIgniter(Object(CodeIgniter\CodeIgniter))
#11 D:\Proyek_PlatformC\Proyek_PlatformC\public\index.php(59): CodeIgniter\Boot::bootWeb(Object(Config\Paths))
#12 D:\Proyek_PlatformC\Proyek_PlatformC\system\rewrite.php(44): require_once('D:\\Proyek_Platf...')
#13 {main}
CRITICAL - 2025-06-14 09:11:06 --> CodeIgniter\Database\Exceptions\DatabaseException: Unable to connect to the database.
Main connection [MySQLi]: No connection could be made because the target machine actively refused it
[Method: POST, Route: auth/doLogin]
in SYSTEMPATH\Database\BaseConnection.php on line 467.
 1 SYSTEMPATH\Database\BaseConnection.php(620): CodeIgniter\Database\BaseConnection->initialize()
 2 SYSTEMPATH\Database\BaseBuilder.php(1649): CodeIgniter\Database\BaseConnection->query('SELECT *
FROM `pengguna`
WHERE `username` = :username:
AND `password` = :password:
 LIMIT 1', [...], false)
 3 SYSTEMPATH\Model.php(330): CodeIgniter\Database\BaseBuilder->get()
 4 SYSTEMPATH\BaseModel.php(717): CodeIgniter\Model->doFirst()
 5 APPPATH\Controllers\Auth.php(14): CodeIgniter\BaseModel->first()
 6 SYSTEMPATH\CodeIgniter.php(933): App\Controllers\Auth->doLogin()
 7 SYSTEMPATH\CodeIgniter.php(507): CodeIgniter\CodeIgniter->runController(Object(App\Controllers\Auth))
 8 SYSTEMPATH\CodeIgniter.php(354): CodeIgniter\CodeIgniter->handleRequest(null, Object(Config\Cache), false)
 9 SYSTEMPATH\Boot.php(334): CodeIgniter\CodeIgniter->run()
10 SYSTEMPATH\Boot.php(67): CodeIgniter\Boot::runCodeIgniter(Object(CodeIgniter\CodeIgniter))
11 FCPATH\index.php(59): CodeIgniter\Boot::bootWeb(Object(Config\Paths))
12 SYSTEMPATH\rewrite.php(44): require_once('D:\\Proyek_PlatformC\\Proyek_PlatformC\\public\\index.php')
ERROR - 2025-06-14 09:14:04 --> Error connecting to the database: mysqli_sql_exception: No connection could be made because the target machine actively refused it in D:\Proyek_PlatformC\Proyek_PlatformC\system\Database\MySQLi\Connection.php:201
Stack trace:
#0 D:\Proyek_PlatformC\Proyek_PlatformC\system\Database\MySQLi\Connection.php(201): mysqli->real_connect('localhost', '', Object(SensitiveParameterValue), '', 3306, '', 0)
#1 D:\Proyek_PlatformC\Proyek_PlatformC\system\Database\BaseConnection.php(421): CodeIgniter\Database\MySQLi\Connection->connect(false)
#2 D:\Proyek_PlatformC\Proyek_PlatformC\system\Database\BaseConnection.php(620): CodeIgniter\Database\BaseConnection->initialize()
#3 D:\Proyek_PlatformC\Proyek_PlatformC\system\Database\BaseBuilder.php(1649): CodeIgniter\Database\BaseConnection->query('SELECT *\nFROM `...', Array, false)
#4 D:\Proyek_PlatformC\Proyek_PlatformC\system\Model.php(330): CodeIgniter\Database\BaseBuilder->get()
#5 D:\Proyek_PlatformC\Proyek_PlatformC\system\BaseModel.php(717): CodeIgniter\Model->doFirst()
#6 D:\Proyek_PlatformC\Proyek_PlatformC\app\Controllers\Auth.php(14): CodeIgniter\BaseModel->first()
#7 D:\Proyek_PlatformC\Proyek_PlatformC\system\CodeIgniter.php(933): App\Controllers\Auth->doLogin()
#8 D:\Proyek_PlatformC\Proyek_PlatformC\system\CodeIgniter.php(507): CodeIgniter\CodeIgniter->runController(Object(App\Controllers\Auth))
#9 D:\Proyek_PlatformC\Proyek_PlatformC\system\CodeIgniter.php(354): CodeIgniter\CodeIgniter->handleRequest(NULL, Object(Config\Cache), false)
#10 D:\Proyek_PlatformC\Proyek_PlatformC\system\Boot.php(334): CodeIgniter\CodeIgniter->run()
#11 D:\Proyek_PlatformC\Proyek_PlatformC\system\Boot.php(67): CodeIgniter\Boot::runCodeIgniter(Object(CodeIgniter\CodeIgniter))
#12 D:\Proyek_PlatformC\Proyek_PlatformC\public\index.php(59): CodeIgniter\Boot::bootWeb(Object(Config\Paths))
#13 D:\Proyek_PlatformC\Proyek_PlatformC\system\rewrite.php(44): require_once('D:\\Proyek_Platf...')
#14 {main}

Next CodeIgniter\Database\Exceptions\DatabaseException: No connection could be made because the target machine actively refused it in D:\Proyek_PlatformC\Proyek_PlatformC\system\Database\MySQLi\Connection.php:246
Stack trace:
#0 D:\Proyek_PlatformC\Proyek_PlatformC\system\Database\BaseConnection.php(421): CodeIgniter\Database\MySQLi\Connection->connect(false)
#1 D:\Proyek_PlatformC\Proyek_PlatformC\system\Database\BaseConnection.php(620): CodeIgniter\Database\BaseConnection->initialize()
#2 D:\Proyek_PlatformC\Proyek_PlatformC\system\Database\BaseBuilder.php(1649): CodeIgniter\Database\BaseConnection->query('SELECT *\nFROM `...', Array, false)
#3 D:\Proyek_PlatformC\Proyek_PlatformC\system\Model.php(330): CodeIgniter\Database\BaseBuilder->get()
#4 D:\Proyek_PlatformC\Proyek_PlatformC\system\BaseModel.php(717): CodeIgniter\Model->doFirst()
#5 D:\Proyek_PlatformC\Proyek_PlatformC\app\Controllers\Auth.php(14): CodeIgniter\BaseModel->first()
#6 D:\Proyek_PlatformC\Proyek_PlatformC\system\CodeIgniter.php(933): App\Controllers\Auth->doLogin()
#7 D:\Proyek_PlatformC\Proyek_PlatformC\system\CodeIgniter.php(507): CodeIgniter\CodeIgniter->runController(Object(App\Controllers\Auth))
#8 D:\Proyek_PlatformC\Proyek_PlatformC\system\CodeIgniter.php(354): CodeIgniter\CodeIgniter->handleRequest(NULL, Object(Config\Cache), false)
#9 D:\Proyek_PlatformC\Proyek_PlatformC\system\Boot.php(334): CodeIgniter\CodeIgniter->run()
#10 D:\Proyek_PlatformC\Proyek_PlatformC\system\Boot.php(67): CodeIgniter\Boot::runCodeIgniter(Object(CodeIgniter\CodeIgniter))
#11 D:\Proyek_PlatformC\Proyek_PlatformC\public\index.php(59): CodeIgniter\Boot::bootWeb(Object(Config\Paths))
#12 D:\Proyek_PlatformC\Proyek_PlatformC\system\rewrite.php(44): require_once('D:\\Proyek_Platf...')
#13 {main}
CRITICAL - 2025-06-14 09:14:04 --> CodeIgniter\Database\Exceptions\DatabaseException: Unable to connect to the database.
Main connection [MySQLi]: No connection could be made because the target machine actively refused it
[Method: POST, Route: auth/doLogin]
in SYSTEMPATH\Database\BaseConnection.php on line 467.
 1 SYSTEMPATH\Database\BaseConnection.php(620): CodeIgniter\Database\BaseConnection->initialize()
 2 SYSTEMPATH\Database\BaseBuilder.php(1649): CodeIgniter\Database\BaseConnection->query('SELECT *
FROM `pengguna`
WHERE `username` = :username:
AND `password` = :password:
 LIMIT 1', [...], false)
 3 SYSTEMPATH\Model.php(330): CodeIgniter\Database\BaseBuilder->get()
 4 SYSTEMPATH\BaseModel.php(717): CodeIgniter\Model->doFirst()
 5 APPPATH\Controllers\Auth.php(14): CodeIgniter\BaseModel->first()
 6 SYSTEMPATH\CodeIgniter.php(933): App\Controllers\Auth->doLogin()
 7 SYSTEMPATH\CodeIgniter.php(507): CodeIgniter\CodeIgniter->runController(Object(App\Controllers\Auth))
 8 SYSTEMPATH\CodeIgniter.php(354): CodeIgniter\CodeIgniter->handleRequest(null, Object(Config\Cache), false)
 9 SYSTEMPATH\Boot.php(334): CodeIgniter\CodeIgniter->run()
10 SYSTEMPATH\Boot.php(67): CodeIgniter\Boot::runCodeIgniter(Object(CodeIgniter\CodeIgniter))
11 FCPATH\index.php(59): CodeIgniter\Boot::bootWeb(Object(Config\Paths))
12 SYSTEMPATH\rewrite.php(44): require_once('D:\\Proyek_PlatformC\\Proyek_PlatformC\\public\\index.php')
ERROR - 2025-06-14 09:14:11 --> Error connecting to the database: mysqli_sql_exception: No connection could be made because the target machine actively refused it in D:\Proyek_PlatformC\Proyek_PlatformC\system\Database\MySQLi\Connection.php:201
Stack trace:
#0 D:\Proyek_PlatformC\Proyek_PlatformC\system\Database\MySQLi\Connection.php(201): mysqli->real_connect('localhost', '', Object(SensitiveParameterValue), '', 3306, '', 0)
#1 D:\Proyek_PlatformC\Proyek_PlatformC\system\Database\BaseConnection.php(421): CodeIgniter\Database\MySQLi\Connection->connect(false)
#2 D:\Proyek_PlatformC\Proyek_PlatformC\system\Database\BaseConnection.php(620): CodeIgniter\Database\BaseConnection->initialize()
#3 D:\Proyek_PlatformC\Proyek_PlatformC\system\Database\BaseBuilder.php(1649): CodeIgniter\Database\BaseConnection->query('SELECT *\nFROM `...', Array, false)
#4 D:\Proyek_PlatformC\Proyek_PlatformC\system\Model.php(330): CodeIgniter\Database\BaseBuilder->get()
#5 D:\Proyek_PlatformC\Proyek_PlatformC\system\BaseModel.php(717): CodeIgniter\Model->doFirst()
#6 D:\Proyek_PlatformC\Proyek_PlatformC\app\Controllers\Auth.php(14): CodeIgniter\BaseModel->first()
#7 D:\Proyek_PlatformC\Proyek_PlatformC\system\CodeIgniter.php(933): App\Controllers\Auth->doLogin()
#8 D:\Proyek_PlatformC\Proyek_PlatformC\system\CodeIgniter.php(507): CodeIgniter\CodeIgniter->runController(Object(App\Controllers\Auth))
#9 D:\Proyek_PlatformC\Proyek_PlatformC\system\CodeIgniter.php(354): CodeIgniter\CodeIgniter->handleRequest(NULL, Object(Config\Cache), false)
#10 D:\Proyek_PlatformC\Proyek_PlatformC\system\Boot.php(334): CodeIgniter\CodeIgniter->run()
#11 D:\Proyek_PlatformC\Proyek_PlatformC\system\Boot.php(67): CodeIgniter\Boot::runCodeIgniter(Object(CodeIgniter\CodeIgniter))
#12 D:\Proyek_PlatformC\Proyek_PlatformC\public\index.php(59): CodeIgniter\Boot::bootWeb(Object(Config\Paths))
#13 D:\Proyek_PlatformC\Proyek_PlatformC\system\rewrite.php(44): require_once('D:\\Proyek_Platf...')
#14 {main}

Next CodeIgniter\Database\Exceptions\DatabaseException: No connection could be made because the target machine actively refused it in D:\Proyek_PlatformC\Proyek_PlatformC\system\Database\MySQLi\Connection.php:246
Stack trace:
#0 D:\Proyek_PlatformC\Proyek_PlatformC\system\Database\BaseConnection.php(421): CodeIgniter\Database\MySQLi\Connection->connect(false)
#1 D:\Proyek_PlatformC\Proyek_PlatformC\system\Database\BaseConnection.php(620): CodeIgniter\Database\BaseConnection->initialize()
#2 D:\Proyek_PlatformC\Proyek_PlatformC\system\Database\BaseBuilder.php(1649): CodeIgniter\Database\BaseConnection->query('SELECT *\nFROM `...', Array, false)
#3 D:\Proyek_PlatformC\Proyek_PlatformC\system\Model.php(330): CodeIgniter\Database\BaseBuilder->get()
#4 D:\Proyek_PlatformC\Proyek_PlatformC\system\BaseModel.php(717): CodeIgniter\Model->doFirst()
#5 D:\Proyek_PlatformC\Proyek_PlatformC\app\Controllers\Auth.php(14): CodeIgniter\BaseModel->first()
#6 D:\Proyek_PlatformC\Proyek_PlatformC\system\CodeIgniter.php(933): App\Controllers\Auth->doLogin()
#7 D:\Proyek_PlatformC\Proyek_PlatformC\system\CodeIgniter.php(507): CodeIgniter\CodeIgniter->runController(Object(App\Controllers\Auth))
#8 D:\Proyek_PlatformC\Proyek_PlatformC\system\CodeIgniter.php(354): CodeIgniter\CodeIgniter->handleRequest(NULL, Object(Config\Cache), false)
#9 D:\Proyek_PlatformC\Proyek_PlatformC\system\Boot.php(334): CodeIgniter\CodeIgniter->run()
#10 D:\Proyek_PlatformC\Proyek_PlatformC\system\Boot.php(67): CodeIgniter\Boot::runCodeIgniter(Object(CodeIgniter\CodeIgniter))
#11 D:\Proyek_PlatformC\Proyek_PlatformC\public\index.php(59): CodeIgniter\Boot::bootWeb(Object(Config\Paths))
#12 D:\Proyek_PlatformC\Proyek_PlatformC\system\rewrite.php(44): require_once('D:\\Proyek_Platf...')
#13 {main}
CRITICAL - 2025-06-14 09:14:11 --> CodeIgniter\Database\Exceptions\DatabaseException: Unable to connect to the database.
Main connection [MySQLi]: No connection could be made because the target machine actively refused it
[Method: POST, Route: auth/doLogin]
in SYSTEMPATH\Database\BaseConnection.php on line 467.
 1 SYSTEMPATH\Database\BaseConnection.php(620): CodeIgniter\Database\BaseConnection->initialize()
 2 SYSTEMPATH\Database\BaseBuilder.php(1649): CodeIgniter\Database\BaseConnection->query('SELECT *
FROM `pengguna`
WHERE `username` = :username:
AND `password` = :password:
 LIMIT 1', [...], false)
 3 SYSTEMPATH\Model.php(330): CodeIgniter\Database\BaseBuilder->get()
 4 SYSTEMPATH\BaseModel.php(717): CodeIgniter\Model->doFirst()
 5 APPPATH\Controllers\Auth.php(14): CodeIgniter\BaseModel->first()
 6 SYSTEMPATH\CodeIgniter.php(933): App\Controllers\Auth->doLogin()
 7 SYSTEMPATH\CodeIgniter.php(507): CodeIgniter\CodeIgniter->runController(Object(App\Controllers\Auth))
 8 SYSTEMPATH\CodeIgniter.php(354): CodeIgniter\CodeIgniter->handleRequest(null, Object(Config\Cache), false)
 9 SYSTEMPATH\Boot.php(334): CodeIgniter\CodeIgniter->run()
10 SYSTEMPATH\Boot.php(67): CodeIgniter\Boot::runCodeIgniter(Object(CodeIgniter\CodeIgniter))
11 FCPATH\index.php(59): CodeIgniter\Boot::bootWeb(Object(Config\Paths))
12 SYSTEMPATH\rewrite.php(44): require_once('D:\\Proyek_PlatformC\\Proyek_PlatformC\\public\\index.php')
ERROR - 2025-06-14 09:18:34 --> Error connecting to the database: mysqli_sql_exception: No connection could be made because the target machine actively refused it in D:\Proyek_PlatformC\Proyek_PlatformC\system\Database\MySQLi\Connection.php:201
Stack trace:
#0 D:\Proyek_PlatformC\Proyek_PlatformC\system\Database\MySQLi\Connection.php(201): mysqli->real_connect('localhost', 'root', Object(SensitiveParameterValue), 'platformc', 3306, '', 0)
#1 D:\Proyek_PlatformC\Proyek_PlatformC\system\Database\BaseConnection.php(421): CodeIgniter\Database\MySQLi\Connection->connect(false)
#2 D:\Proyek_PlatformC\Proyek_PlatformC\system\Database\BaseConnection.php(620): CodeIgniter\Database\BaseConnection->initialize()
#3 D:\Proyek_PlatformC\Proyek_PlatformC\system\Database\BaseBuilder.php(1649): CodeIgniter\Database\BaseConnection->query('SELECT *\nFROM `...', Array, false)
#4 D:\Proyek_PlatformC\Proyek_PlatformC\system\Model.php(330): CodeIgniter\Database\BaseBuilder->get()
#5 D:\Proyek_PlatformC\Proyek_PlatformC\system\BaseModel.php(717): CodeIgniter\Model->doFirst()
#6 D:\Proyek_PlatformC\Proyek_PlatformC\app\Controllers\Auth.php(14): CodeIgniter\BaseModel->first()
#7 D:\Proyek_PlatformC\Proyek_PlatformC\system\CodeIgniter.php(933): App\Controllers\Auth->doLogin()
#8 D:\Proyek_PlatformC\Proyek_PlatformC\system\CodeIgniter.php(507): CodeIgniter\CodeIgniter->runController(Object(App\Controllers\Auth))
#9 D:\Proyek_PlatformC\Proyek_PlatformC\system\CodeIgniter.php(354): CodeIgniter\CodeIgniter->handleRequest(NULL, Object(Config\Cache), false)
#10 D:\Proyek_PlatformC\Proyek_PlatformC\system\Boot.php(334): CodeIgniter\CodeIgniter->run()
#11 D:\Proyek_PlatformC\Proyek_PlatformC\system\Boot.php(67): CodeIgniter\Boot::runCodeIgniter(Object(CodeIgniter\CodeIgniter))
#12 D:\Proyek_PlatformC\Proyek_PlatformC\public\index.php(59): CodeIgniter\Boot::bootWeb(Object(Config\Paths))
#13 D:\Proyek_PlatformC\Proyek_PlatformC\system\rewrite.php(44): require_once('D:\\Proyek_Platf...')
#14 {main}

Next CodeIgniter\Database\Exceptions\DatabaseException: No connection could be made because the target machine actively refused it in D:\Proyek_PlatformC\Proyek_PlatformC\system\Database\MySQLi\Connection.php:246
Stack trace:
#0 D:\Proyek_PlatformC\Proyek_PlatformC\system\Database\BaseConnection.php(421): CodeIgniter\Database\MySQLi\Connection->connect(false)
#1 D:\Proyek_PlatformC\Proyek_PlatformC\system\Database\BaseConnection.php(620): CodeIgniter\Database\BaseConnection->initialize()
#2 D:\Proyek_PlatformC\Proyek_PlatformC\system\Database\BaseBuilder.php(1649): CodeIgniter\Database\BaseConnection->query('SELECT *\nFROM `...', Array, false)
#3 D:\Proyek_PlatformC\Proyek_PlatformC\system\Model.php(330): CodeIgniter\Database\BaseBuilder->get()
#4 D:\Proyek_PlatformC\Proyek_PlatformC\system\BaseModel.php(717): CodeIgniter\Model->doFirst()
#5 D:\Proyek_PlatformC\Proyek_PlatformC\app\Controllers\Auth.php(14): CodeIgniter\BaseModel->first()
#6 D:\Proyek_PlatformC\Proyek_PlatformC\system\CodeIgniter.php(933): App\Controllers\Auth->doLogin()
#7 D:\Proyek_PlatformC\Proyek_PlatformC\system\CodeIgniter.php(507): CodeIgniter\CodeIgniter->runController(Object(App\Controllers\Auth))
#8 D:\Proyek_PlatformC\Proyek_PlatformC\system\CodeIgniter.php(354): CodeIgniter\CodeIgniter->handleRequest(NULL, Object(Config\Cache), false)
#9 D:\Proyek_PlatformC\Proyek_PlatformC\system\Boot.php(334): CodeIgniter\CodeIgniter->run()
#10 D:\Proyek_PlatformC\Proyek_PlatformC\system\Boot.php(67): CodeIgniter\Boot::runCodeIgniter(Object(CodeIgniter\CodeIgniter))
#11 D:\Proyek_PlatformC\Proyek_PlatformC\public\index.php(59): CodeIgniter\Boot::bootWeb(Object(Config\Paths))
#12 D:\Proyek_PlatformC\Proyek_PlatformC\system\rewrite.php(44): require_once('D:\\Proyek_Platf...')
#13 {main}
CRITICAL - 2025-06-14 09:18:34 --> CodeIgniter\Database\Exceptions\DatabaseException: Unable to connect to the database.
Main connection [MySQLi]: No connection could be made because the target machine actively refused it
[Method: POST, Route: auth/doLogin]
in SYSTEMPATH\Database\BaseConnection.php on line 467.
 1 SYSTEMPATH\Database\BaseConnection.php(620): CodeIgniter\Database\BaseConnection->initialize()
 2 SYSTEMPATH\Database\BaseBuilder.php(1649): CodeIgniter\Database\BaseConnection->query('SELECT *
FROM `pengguna`
WHERE `username` = :username:
AND `password` = :password:
 LIMIT 1', [...], false)
 3 SYSTEMPATH\Model.php(330): CodeIgniter\Database\BaseBuilder->get()
 4 SYSTEMPATH\BaseModel.php(717): CodeIgniter\Model->doFirst()
 5 APPPATH\Controllers\Auth.php(14): CodeIgniter\BaseModel->first()
 6 SYSTEMPATH\CodeIgniter.php(933): App\Controllers\Auth->doLogin()
 7 SYSTEMPATH\CodeIgniter.php(507): CodeIgniter\CodeIgniter->runController(Object(App\Controllers\Auth))
 8 SYSTEMPATH\CodeIgniter.php(354): CodeIgniter\CodeIgniter->handleRequest(null, Object(Config\Cache), false)
 9 SYSTEMPATH\Boot.php(334): CodeIgniter\CodeIgniter->run()
10 SYSTEMPATH\Boot.php(67): CodeIgniter\Boot::runCodeIgniter(Object(CodeIgniter\CodeIgniter))
11 FCPATH\index.php(59): CodeIgniter\Boot::bootWeb(Object(Config\Paths))
12 SYSTEMPATH\rewrite.php(44): require_once('D:\\Proyek_PlatformC\\Proyek_PlatformC\\public\\index.php')
